-------------------------------------------------------------------------------
Test set: TestSuite
-------------------------------------------------------------------------------
Tests run: 2, Failures: 1, Errors: 0, Skipped: 0, Time elapsed: 155.101 s <<< FAILURE! - in TestSuite
feature(CucumberOptions.TestRunner)  Time elapsed: 46.291 s  <<< FAILURE!
cucumber.runtime.CucumberException: java.lang.NoClassDefFoundError: org/junit/Assert
Caused by: java.lang.NoClassDefFoundError: org/junit/Assert
Caused by: java.lang.ClassNotFoundException: org.junit.Assert

